λ main* make all
echo "===> cleaning up generated files"
===> cleaning up generated files
rm -f bench-* functional-*.test inline-*.txt profile-*.out
echo "===> start benchmark"
===> start benchmark
go test -cpuprofile=profile-regular.out -count=2 -cpu=2,4,8 -benchtime=30s -bench . | tee bench-original.txt
goos: linux
goarch: arm64
pkg: github.com/garcia-jc/profiling/reader/functional
BenchmarkFilters-2           448          84627455 ns/op
BenchmarkFilters-2           452          76796248 ns/op
BenchmarkFilters-4           559          63304947 ns/op
BenchmarkFilters-4           589          69094580 ns/op
BenchmarkFilters-8      ^[[C     591      60286192 ns/op
BenchmarkFilters-8           595          60610246 ns/op
PASS
ok      github.com/garcia-jc/profiling/reader/functional        269.613s
mv functional.test functional-regular.test
echo "===> start benchmark using PGO"
===> start benchmark using PGO
go test -pgo=profile-regular.out -cpuprofile=profile-pgo.out -count=2 -cpu=2,4,8 -benchtime=30s -bench=. | tee bench-pgo.txt
goos: linux
goarch: arm64
pkg: github.com/garcia-jc/profiling/reader/functional
BenchmarkFilters-2           429          80255143 ns/op
BenchmarkFilters-2           440          77317456 ns/op
BenchmarkFilters-4           576          63686918 ns/op
BenchmarkFilters-4           582          67725325 ns/op
BenchmarkFilters-8           603          59560199 ns/op
BenchmarkFilters-8           612          60131108 ns/op
PASS
ok      github.com/garcia-jc/profiling/reader/functional        266.610s
mv functional.test functional-pgo.test
go install golang.org/x/perf/cmd/benchstat@latest
echo "===> comparing benchmarks"
===> comparing benchmarks
benchstat bench-original.txt bench-pgo.txt
goos: linux
goarch: arm64
pkg: github.com/garcia-jc/profiling/reader/functional
          │ bench-original.txt │            bench-pgo.txt             │
          │       sec/op       │    sec/op     vs base                │
Filters-2         80.71m ± ∞ ¹   78.79m ± ∞ ¹       ~ (p=1.000 n=2) ²
Filters-4         66.20m ± ∞ ¹   65.71m ± ∞ ¹       ~ (p=1.000 n=2) ²
Filters-8         60.45m ± ∞ ¹   59.85m ± ∞ ¹       ~ (p=0.333 n=2) ²
geomean           68.61m         67.66m        -1.38%
¹ need >= 6 samples for confidence interval at level 0.95
² need >= 4 samples to detect a difference at alpha level 0.05
λ ~/external/profiling/reader/functional/ main* 